2023-12-02 09:42:17,247 [Worker-6: Loading available Gradle versions] INFO  o.e.b.c.i.u.g.PublishedGradleVersions - Gradle version information cache is up-to-date. Trying to read.
2023-12-06 14:07:12,200 [Worker-5: Loading available Gradle versions] INFO  o.e.b.c.i.u.g.PublishedGradleVersions - Gradle version information cache is out-of-date. Trying to update.
2023-12-06 14:18:30,045 [Worker-17: Update Maven projects configuration] INFO  o.e.m.c.i.p.ProjectConfigurationManager - Update started
2023-12-06 14:18:33,297 [Worker-17: Update Maven projects configuration] INFO  o.e.m.c.i.l.LifecycleMappingFactory - Using org.eclipse.m2e.jdt.JarLifecycleMapping lifecycle mapping for MavenProject: com.mycompany:sumCalculator:1.0-SNAPSHOT @ G:\COMSATS Sahiwal\3rd Semester\Object Oriented Programming\OOP Lab\Java Practice\sumCalculator\pom.xml.
2023-12-06 14:18:43,762 [Worker-17: Update Maven projects configuration] INFO  o.e.m.j.i.AbstractJavaProjectConfigurator - Adding source folder /sumCalculator/src/main/java
2023-12-06 14:18:43,765 [Worker-17: Update Maven projects configuration] INFO  o.e.m.j.i.AbstractJavaProjectConfigurator - Adding resource folder /sumCalculator/src/main/resources
2023-12-06 14:18:43,765 [Worker-17: Update Maven projects configuration] INFO  o.e.m.j.i.AbstractJavaProjectConfigurator - Adding source folder /sumCalculator/src/test/java
2023-12-06 14:18:43,766 [Worker-17: Update Maven projects configuration] INFO  o.e.m.j.i.AbstractJavaProjectConfigurator - Adding resource folder /sumCalculator/src/test/resources
2023-12-06 14:18:43,767 [Worker-17: Update Maven projects configuration] ERROR o.e.m.j.i.AbstractJavaProjectConfigurator - Failed to find a compatible VM for environment id 'JavaSE-20', falling back to workspace default
2023-12-06 14:18:44,722 [Worker-17: Update Maven projects configuration] INFO  o.e.m.c.i.p.ProjectConfigurationManager - Update completed for 1 poms: local refresh takes 0.00 sec, refresh facades takes 9.00 sec, update config takes 4.00 sec 
2023-12-06 14:18:44,725 [Worker-17: Update Maven projects configuration] INFO  o.e.m.c.i.p.ProjectConfigurationManager - Update started
2023-12-06 14:18:45,496 [Worker-17: Update Maven projects configuration] INFO  o.e.m.c.i.l.LifecycleMappingFactory - Using org.eclipse.m2e.jdt.JarLifecycleMapping lifecycle mapping for MavenProject: com.mycompany:sumCalculator:1.0-SNAPSHOT @ G:\COMSATS Sahiwal\3rd Semester\Object Oriented Programming\OOP Lab\Java Practice\sumCalculator\pom.xml.
2023-12-06 14:18:45,602 [Worker-17: Update Maven projects configuration] INFO  o.e.m.c.i.l.LifecycleMappingFactory - Using org.eclipse.m2e.jdt.JarLifecycleMapping lifecycle mapping for MavenProject: com.mycompany:travelagency:1.0-SNAPSHOT @ G:\COMSATS Sahiwal\3rd Semester\Object Oriented Programming\OOP Lab\OOP Project\travelagency\pom.xml.
2023-12-06 14:18:47,523 [Worker-17: Update Maven projects configuration] INFO  o.e.m.j.i.AbstractJavaProjectConfigurator - Adding source folder /sumCalculator/src/main/java
2023-12-06 14:18:47,523 [Worker-17: Update Maven projects configuration] INFO  o.e.m.j.i.AbstractJavaProjectConfigurator - Adding resource folder /sumCalculator/src/main/resources
2023-12-06 14:18:47,524 [Worker-17: Update Maven projects configuration] INFO  o.e.m.j.i.AbstractJavaProjectConfigurator - Adding source folder /sumCalculator/src/test/java
2023-12-06 14:18:47,524 [Worker-17: Update Maven projects configuration] INFO  o.e.m.j.i.AbstractJavaProjectConfigurator - Adding resource folder /sumCalculator/src/test/resources
2023-12-06 14:18:47,524 [Worker-17: Update Maven projects configuration] ERROR o.e.m.j.i.AbstractJavaProjectConfigurator - Failed to find a compatible VM for environment id 'JavaSE-20', falling back to workspace default
2023-12-06 14:18:48,598 [Worker-17: Update Maven projects configuration] INFO  o.e.m.j.i.AbstractJavaProjectConfigurator - Adding source folder /travelagency/src/main/java
2023-12-06 14:18:48,598 [Worker-17: Update Maven projects configuration] INFO  o.e.m.j.i.AbstractJavaProjectConfigurator - Adding resource folder /travelagency/src/main/resources
2023-12-06 14:18:48,602 [Worker-17: Update Maven projects configuration] INFO  o.e.m.j.i.AbstractJavaProjectConfigurator - Adding source folder /travelagency/src/test/java
2023-12-06 14:18:48,602 [Worker-17: Update Maven projects configuration] INFO  o.e.m.j.i.AbstractJavaProjectConfigurator - Adding resource folder /travelagency/src/test/resources
2023-12-06 14:18:48,602 [Worker-17: Update Maven projects configuration] ERROR o.e.m.j.i.AbstractJavaProjectConfigurator - Failed to find a compatible VM for environment id 'JavaSE-20', falling back to workspace default
2023-12-06 14:18:48,723 [Worker-17: Update Maven projects configuration] INFO  o.e.m.c.i.p.ProjectConfigurationManager - Update completed for 2 poms: local refresh takes 0.00 sec, refresh facades takes 1.00 sec, update config takes 2.00 sec 
2023-12-06 14:18:52,964 [Worker-18: Building] INFO  o.a.m.s.f.DefaultMavenResourcesFiltering - skip non existing resourceDirectory G:\COMSATS Sahiwal\3rd Semester\Object Oriented Programming\OOP Lab\Java Practice\sumCalculator\src\main\resources
2023-12-06 14:18:52,972 [Worker-18: Building] INFO  o.a.m.s.f.DefaultMavenResourcesFiltering - skip non existing resourceDirectory G:\COMSATS Sahiwal\3rd Semester\Object Oriented Programming\OOP Lab\Java Practice\sumCalculator\src\test\resources
2023-12-06 14:18:55,838 [Worker-2: Building] INFO  o.a.m.s.f.DefaultMavenResourcesFiltering - skip non existing resourceDirectory G:\COMSATS Sahiwal\3rd Semester\Object Oriented Programming\OOP Lab\OOP Project\travelagency\src\main\resources
2023-12-06 14:18:55,842 [Worker-2: Building] INFO  o.a.m.s.f.DefaultMavenResourcesFiltering - skip non existing resourceDirectory G:\COMSATS Sahiwal\3rd Semester\Object Oriented Programming\OOP Lab\OOP Project\travelagency\src\test\resources
2023-12-13 14:33:42,751 [Worker-4: Loading available Gradle versions] INFO  o.e.b.c.i.u.g.PublishedGradleVersions - Gradle version information cache is out-of-date. Trying to update.
2023-12-13 14:34:14,770 [Worker-10: Building] INFO  o.a.m.s.f.DefaultMavenResourcesFiltering - skip non existing resourceDirectory G:\COMSATS Sahiwal\3rd Semester\Object Oriented Programming\OOP Lab\Java Practice\sumCalculator\src\main\resources
2023-12-13 14:34:14,958 [Worker-10: Building] INFO  o.a.m.s.f.DefaultMavenResourcesFiltering - skip non existing resourceDirectory G:\COMSATS Sahiwal\3rd Semester\Object Oriented Programming\OOP Lab\Java Practice\sumCalculator\src\test\resources
2023-12-13 14:34:24,489 [Worker-10: Building] INFO  o.a.m.s.f.DefaultMavenResourcesFiltering - skip non existing resourceDirectory G:\COMSATS Sahiwal\3rd Semester\Object Oriented Programming\OOP Lab\OOP Project\travelagency\src\main\resources
2023-12-13 14:34:24,493 [Worker-10: Building] INFO  o.a.m.s.f.DefaultMavenResourcesFiltering - skip non existing resourceDirectory G:\COMSATS Sahiwal\3rd Semester\Object Oriented Programming\OOP Lab\OOP Project\travelagency\src\test\resources
2023-12-17 16:04:22,039 [Worker-5: Loading available Gradle versions] INFO  o.e.b.c.i.u.g.PublishedGradleVersions - Gradle version information cache is up-to-date. Trying to read.
2023-12-19 20:41:43,448 [Worker-5: Loading available Gradle versions] INFO  o.e.b.c.i.u.g.PublishedGradleVersions - Gradle version information cache is out-of-date. Trying to update.
2023-12-19 21:20:28,280 [Worker-0: Loading available Gradle versions] INFO  o.e.b.c.i.u.g.PublishedGradleVersions - Gradle version information cache is up-to-date. Trying to read.
2023-12-19 21:21:13,560 [Worker-8: Building] INFO  o.a.m.s.f.DefaultMavenResourcesFiltering - skip non existing resourceDirectory G:\COMSATS Sahiwal\3rd Semester\Object Oriented Programming\OOP Lab\Java Practice\sumCalculator\src\main\resources
2023-12-19 21:21:13,590 [Worker-8: Building] INFO  o.a.m.s.f.DefaultMavenResourcesFiltering - skip non existing resourceDirectory G:\COMSATS Sahiwal\3rd Semester\Object Oriented Programming\OOP Lab\Java Practice\sumCalculator\src\test\resources
2023-12-19 21:21:19,181 [Worker-8: Building] INFO  o.a.m.s.f.DefaultMavenResourcesFiltering - skip non existing resourceDirectory G:\COMSATS Sahiwal\3rd Semester\Object Oriented Programming\OOP Lab\OOP Project\travelagency\src\main\resources
2023-12-19 21:21:19,210 [Worker-8: Building] INFO  o.a.m.s.f.DefaultMavenResourcesFiltering - skip non existing resourceDirectory G:\COMSATS Sahiwal\3rd Semester\Object Oriented Programming\OOP Lab\OOP Project\travelagency\src\test\resources
